<?xml version="1.0" encoding="UTF-8"?>
<!-- Generated by org.testng.reporters.JUnitReportReporter -->
<testsuite skipped="0" hostname="KRISHNA-NAND-PRASAD" name="klmn.TestCase" tests="1" failures="0" timestamp="24 Jun 2020 07:47:37 GMT" time="10.068" errors="0">
  <testcase name="test" time="10.068" classname="klmn.TestCase"/>
</testsuite> <!-- klmn.TestCase -->
