<?xml version="1.0" encoding="UTF-8"?>
<!-- Generated by org.testng.reporters.JUnitReportReporter -->
<testsuite skipped="0" hostname="KRISHNA-NAND-PRASAD" name="efgh.Class6" tests="4" failures="0" timestamp="18 Jun 2020 15:21:03 GMT" time="0.007" errors="0">
  <testcase name="testcase10" time="0.001" classname="efgh.Class6"/>
  <testcase name="testcase12" time="0.001" classname="efgh.Class6"/>
  <testcase name="testcase11" time="0.001" classname="efgh.Class6"/>
  <testcase name="testcase9" time="0.004" classname="efgh.Class6"/>
</testsuite> <!-- efgh.Class6 -->
