<?xml version="1.0" encoding="UTF-8"?>
<!-- Generated by org.testng.reporters.JUnitReportReporter -->
<testsuite skipped="0" hostname="KRISHNA-NAND-PRASAD" name="abcd.NewTest" tests="1" failures="0" timestamp="18 Jun 2020 06:53:19 GMT" time="7.785" errors="0">
  <testcase name="NewTest" time="7.785" classname="abcd.NewTest"/>
</testsuite> <!-- abcd.NewTest -->
