<?xml version="1.0" encoding="UTF-8"?>
<!-- Generated by org.testng.reporters.JUnitReportReporter -->
<testsuite skipped="0" hostname="KRISHNA-NAND-PRASAD" name="abcd.NewTest5" tests="2" failures="0" timestamp="18 Jun 2020 06:53:19 GMT" time="73.789" errors="0">
  <testcase name="verifyGoogleTitle" time="6.937" classname="abcd.NewTest5"/>
  <testcase name="verifyYahooTitle" time="66.852" classname="abcd.NewTest5"/>
</testsuite> <!-- abcd.NewTest5 -->
