<?xml version="1.0" encoding="UTF-8"?>
<!-- Generated by org.testng.reporters.JUnitReportReporter -->
<testsuite skipped="0" hostname="KRISHNA-NAND-PRASAD" name="efgh.Class4" tests="4" failures="0" timestamp="18 Jun 2020 15:21:03 GMT" time="0.020" errors="0">
  <testcase name="testcase1" time="0.014" classname="efgh.Class4"/>
  <testcase name="testcase4" time="0.001" classname="efgh.Class4"/>
  <testcase name="testcase2" time="0.004" classname="efgh.Class4"/>
  <testcase name="testcase3" time="0.001" classname="efgh.Class4"/>
</testsuite> <!-- efgh.Class4 -->
