<?xml version="1.0" encoding="UTF-8"?>
<!-- Generated by org.testng.reporters.JUnitReportReporter -->
<testsuite skipped="0" hostname="KRISHNA-NAND-PRASAD" name="efgh.Class5" tests="4" failures="0" timestamp="18 Jun 2020 15:21:03 GMT" time="0.022" errors="0">
  <testcase name="testcase6" time="0.002" classname="efgh.Class5"/>
  <testcase name="testcase7" time="0.005" classname="efgh.Class5"/>
  <testcase name="testcase5" time="0.014" classname="efgh.Class5"/>
  <testcase name="testcase8" time="0.001" classname="efgh.Class5"/>
</testsuite> <!-- efgh.Class5 -->
