<?xml version="1.0" encoding="UTF-8"?>
<!-- Generated by org.testng.reporters.JUnitReportReporter -->
<testsuite skipped="0" hostname="KRISHNA-NAND-PRASAD" name="jhig.DataDriven2" tests="3" failures="0" timestamp="22 Jun 2020 06:08:19 GMT" time="0.019" errors="0">
  <testcase name="addition" time="0.015" classname="jhig.DataDriven2"/>
  <testcase name="addition" time="0.002" classname="jhig.DataDriven2"/>
  <testcase name="addition" time="0.002" classname="jhig.DataDriven2"/>
</testsuite> <!-- jhig.DataDriven2 -->
