<?xml version="1.0" encoding="UTF-8"?>
<!-- Generated by org.testng.reporters.JUnitReportReporter -->
<testsuite skipped="0" hostname="KRISHNA-NAND-PRASAD" name="efgh.Class3" tests="4" failures="0" timestamp="18 Jun 2020 08:28:58 GMT" time="0.019" errors="0">
  <testcase name="login" time="0.015" classname="efgh.Class3"/>
  <testcase name="search" time="0.001" classname="efgh.Class3"/>
  <testcase name="prepaidRecharge" time="0.002" classname="efgh.Class3"/>
  <testcase name="logout" time="0.001" classname="efgh.Class3"/>
</testsuite> <!-- efgh.Class3 -->
