<?xml version="1.0" encoding="UTF-8"?>
<!-- Generated by org.testng.reporters.JUnitReportReporter -->
<testsuite skipped="0" hostname="KRISHNA-NAND-PRASAD" name="jhig.DataDriven1" tests="3" failures="0" timestamp="22 Jun 2020 05:49:00 GMT" time="37.332" errors="0">
  <testcase name="login" time="11.062" classname="jhig.DataDriven1"/>
  <testcase name="login" time="14.574" classname="jhig.DataDriven1"/>
  <testcase name="login" time="11.696" classname="jhig.DataDriven1"/>
</testsuite> <!-- jhig.DataDriven1 -->
