<?xml version="1.0" encoding="UTF-8"?>
<!-- Generated by org.testng.reporters.JUnitReportReporter -->
<testsuite skipped="0" hostname="KRISHNA-NAND-PRASAD" name="efgh.Class1" tests="3" failures="0" timestamp="18 Jun 2020 06:59:33 GMT" time="0.007" errors="0">
  <testcase name="addProduct" time="0.005" classname="efgh.Class1"/>
  <testcase name="addCurrency" time="0.001" classname="efgh.Class1"/>
  <testcase name="addVendors" time="0.001" classname="efgh.Class1"/>
</testsuite> <!-- efgh.Class1 -->
