<?xml version="1.0" encoding="UTF-8"?>
<!-- Generated by org.testng.reporters.JUnitReportReporter -->
<testsuite skipped="0" hostname="KRISHNA-NAND-PRASAD" name="abcd.NewTest6" tests="2" failures="0" timestamp="18 Jun 2020 06:53:19 GMT" time="63.965" errors="0">
  <testcase name="verifyGoogleTitle" time="2.042" classname="abcd.NewTest6"/>
  <testcase name="verifyYahooTitle" time="61.923" classname="abcd.NewTest6"/>
</testsuite> <!-- abcd.NewTest6 -->
