<?xml version="1.0" encoding="UTF-8"?>
<!-- Generated by org.testng.reporters.JUnitReportReporter -->
<testsuite skipped="0" hostname="KRISHNA-NAND-PRASAD" name="abcd.NewTest2" tests="3" failures="0" timestamp="18 Jun 2020 06:53:19 GMT" time="6.197" errors="0">
  <testcase name="launchBrowser" time="5.819" classname="abcd.NewTest2"/>
  <testcase name="verifyTitle" time="0.004" classname="abcd.NewTest2"/>
  <testcase name="closeBrowser" time="0.374" classname="abcd.NewTest2"/>
</testsuite> <!-- abcd.NewTest2 -->
