<?xml version="1.0" encoding="UTF-8"?>
<!-- Generated by org.testng.reporters.JUnitReportReporter -->
<testsuite skipped="0" hostname="KRISHNA-NAND-PRASAD" name="efgh.Class2" tests="3" failures="0" timestamp="18 Jun 2020 06:59:33 GMT" time="0.001" errors="0">
  <testcase name="deleteProduct" time="0.001" classname="efgh.Class2"/>
  <testcase name="deleteCurrency" time="0.000" classname="efgh.Class2"/>
  <testcase name="deleteVendors" time="0.000" classname="efgh.Class2"/>
</testsuite> <!-- efgh.Class2 -->
