<?xml version="1.0" encoding="UTF-8"?>
<!-- Generated by org.testng.reporters.JUnitReportReporter -->
<testsuite skipped="0" hostname="KRISHNA-NAND-PRASAD" name="abcd.Class1" tests="3" failures="0" timestamp="18 Jun 2020 06:53:19 GMT" time="0.010" errors="0">
  <testcase name="addProduct" time="0.001" classname="abcd.Class1"/>
  <testcase name="addCurrency" time="0.001" classname="abcd.Class1"/>
  <testcase name="addVendors" time="0.008" classname="abcd.Class1"/>
</testsuite> <!-- abcd.Class1 -->
