<?xml version="1.0" encoding="UTF-8"?>
<!-- Generated by org.testng.reporters.JUnitReportReporter -->
<testsuite skipped="0" hostname="KRISHNA-NAND-PRASAD" name="efgh.Class7" tests="4" failures="0" timestamp="18 Jun 2020 15:21:03 GMT" time="0.008" errors="0">
  <testcase name="testcase14" time="0.002" classname="efgh.Class7"/>
  <testcase name="testcase15" time="0.003" classname="efgh.Class7"/>
  <testcase name="testcase16" time="0.001" classname="efgh.Class7"/>
  <testcase name="testcase13" time="0.002" classname="efgh.Class7"/>
</testsuite> <!-- efgh.Class7 -->
